2024-01-23T13:32:54.113563-05:00	START
2024-01-23T13:33:03.063973-05:00	
{
    "status": true,
    "obj": {
        "run": {
            "status": true,
            "stdout": {
                "id": 128,
                "creation_date": "2024-01-23T13:33:02.979331-05:00",
                "name": "pl-dicom_dirsend",
                "version": "1.1.0",
                "dock_image": "fnndsc/pl-dicom_dirsend:1.1.0",
                "public_repo": "https://github.com/FNNDSC/pl-dicom_dirsend",
                "icon": "",
                "type": "ds",
                "stars": 0,
                "authors": "FNNDSC <dev@babyMRI.org>",
                "title": "A ChRIS plugin to send DICOMs to a remote PACS store",
                "category": "",
                "description": "A ChRIS plugin to send DICOMs to a remote PACS store",
                "documentation": "https://github.com/FNNDSC/pl-dicom_dirSend",
                "license": "MIT",
                "execshell": "/usr/local/bin/python",
                "selfpath": "/usr/local/bin",
                "selfexec": "dicom_dirSend",
                "min_number_of_workers": 1,
                "max_number_of_workers": 1,
                "min_cpu_limit": 1000,
                "max_cpu_limit": 2147483647,
                "min_memory_limit": 100,
                "max_memory_limit": 2147483647,
                "min_gpu_limit": 0,
                "max_gpu_limit": 0
            },
            "stderr": "",
            "returncode": 0
        }
    }
}
2024-01-23T13:33:03.064217-05:00	END
